This is pdfTeX, Version 3.14159265-2.6-1.40.20 (TeX Live 2019/Debian) (preloaded format=pdflatex 2019.12.3)  6 DEC 2019 08:50
entering extended mode
 restricted \write18 enabled.
 %&-line parsing enabled.
**RJwrapper.tex
(./RJwrapper.tex
LaTeX2e <2018-12-01>
(/usr/share/texlive/texmf-dist/tex/latex/base/report.cls
Document Class: report 2018/09/03 v1.4i Standard LaTeX document class
(/usr/share/texlive/texmf-dist/tex/latex/base/size10.clo
File: size10.clo 2018/09/03 v1.4i Standard LaTeX file (size option)
)
\c@part=\count80
\c@chapter=\count81
\c@section=\count82
\c@subsection=\count83
\c@subsubsection=\count84
\c@paragraph=\count85
\c@subparagraph=\count86
\c@figure=\count87
\c@table=\count88
\abovecaptionskip=\skip41
\belowcaptionskip=\skip42
\bibindent=\dimen102
) (/usr/share/texlive/texmf-dist/tex/latex/base/inputenc.sty
Package: inputenc 2018/08/11 v1.3c Input encoding file
\inpenc@prehook=\toks14
\inpenc@posthook=\toks15
) (/usr/share/texlive/texmf-dist/tex/latex/base/fontenc.sty
Package: fontenc 2018/08/11 v2.0j Standard LaTeX package
(/usr/share/texlive/texmf-dist/tex/latex/base/t1enc.def
File: t1enc.def 2018/08/11 v2.0j Standard LaTeX file
LaTeX Font Info:    Redeclaring font encoding T1 on input line 48.
)) (./RJournal.sty
Package: RJournal 2013/08/27 v0.13 RJournal package
(/home/jmackie/texmf/tex/latex/pgf/frontendlayer/tikz.sty (/home/jmackie/texmf/
tex/latex/pgf/basiclayer/pgf.sty (/home/jmackie/texmf/tex/latex/pgf/utilities/p
gfrcs.sty (/home/jmackie/texmf/tex/generic/pgf/utilities/pgfutil-common.tex
\pgfutil@everybye=\toks16
\pgfutil@tempdima=\dimen103
\pgfutil@tempdimb=\dimen104
(/home/jmackie/texmf/tex/generic/pgf/utilities/pgfutil-common-lists.tex)) (/hom
e/jmackie/texmf/tex/generic/pgf/utilities/pgfutil-latex.def
\pgfutil@abb=\box27
(/usr/share/texlive/texmf-dist/tex/latex/ms/everyshi.sty
Package: everyshi 2001/05/15 v3.00 EveryShipout Package (MS)
)) (/home/jmackie/texmf/tex/generic/pgf/utilities/pgfrcs.code.tex (/home/jmacki
e/texmf/tex/generic/pgf/pgf.revision.tex)
Package: pgfrcs 2019/08/03 v3.1.4b (3.1.4b)
))
Package: pgf 2019/08/03 v3.1.4b (3.1.4b)
(/home/jmackie/texmf/tex/latex/pgf/basiclayer/pgfcore.sty (/usr/share/texlive/t
exmf-dist/tex/latex/graphics/graphicx.sty
Package: graphicx 2017/06/01 v1.1a Enhanced LaTeX Graphics (DPC,SPQR)
(/usr/share/texlive/texmf-dist/tex/latex/graphics/keyval.sty
Package: keyval 2014/10/28 v1.15 key=value parser (DPC)
\KV@toks@=\toks17
) (/usr/share/texlive/texmf-dist/tex/latex/graphics/graphics.sty
Package: graphics 2017/06/25 v1.2c Standard LaTeX Graphics (DPC,SPQR)
(/usr/share/texlive/texmf-dist/tex/latex/graphics/trig.sty
Package: trig 2016/01/03 v1.10 sin cos tan (DPC)
) (/usr/share/texlive/texmf-dist/tex/latex/graphics-cfg/graphics.cfg
File: graphics.cfg 2016/06/04 v1.11 sample graphics configuration
)
Package graphics Info: Driver file: pdftex.def on input line 99.
(/usr/share/texlive/texmf-dist/tex/latex/graphics-def/pdftex.def
File: pdftex.def 2018/01/08 v1.0l Graphics/color driver for pdftex
))
\Gin@req@height=\dimen105
\Gin@req@width=\dimen106
) (/home/jmackie/texmf/tex/latex/pgf/systemlayer/pgfsys.sty (/home/jmackie/texm
f/tex/generic/pgf/systemlayer/pgfsys.code.tex
Package: pgfsys 2019/08/03 v3.1.4b (3.1.4b)
(/home/jmackie/texmf/tex/generic/pgf/utilities/pgfkeys.code.tex
\pgfkeys@pathtoks=\toks18
\pgfkeys@temptoks=\toks19
(/home/jmackie/texmf/tex/generic/pgf/utilities/pgfkeysfiltered.code.tex
\pgfkeys@tmptoks=\toks20
))
\pgf@x=\dimen107
\pgf@y=\dimen108
\pgf@xa=\dimen109
\pgf@ya=\dimen110
\pgf@xb=\dimen111
\pgf@yb=\dimen112
\pgf@xc=\dimen113
\pgf@yc=\dimen114
\pgf@xd=\dimen115
\pgf@yd=\dimen116
\w@pgf@writea=\write3
\r@pgf@reada=\read1
\c@pgf@counta=\count89
\c@pgf@countb=\count90
\c@pgf@countc=\count91
\c@pgf@countd=\count92
\t@pgf@toka=\toks21
\t@pgf@tokb=\toks22
\t@pgf@tokc=\toks23
\pgf@sys@id@count=\count93
(/home/jmackie/texmf/tex/generic/pgf/systemlayer/pgf.cfg
File: pgf.cfg 2019/08/03 v3.1.4b (3.1.4b)
)
Driver file for pgf: pgfsys-pdftex.def
(/home/jmackie/texmf/tex/generic/pgf/systemlayer/pgfsys-pdftex.def
File: pgfsys-pdftex.def 2019/08/03 v3.1.4b (3.1.4b)
(/home/jmackie/texmf/tex/generic/pgf/systemlayer/pgfsys-common-pdf.def
File: pgfsys-common-pdf.def 2019/08/03 v3.1.4b (3.1.4b)
))) (/home/jmackie/texmf/tex/generic/pgf/systemlayer/pgfsyssoftpath.code.tex
File: pgfsyssoftpath.code.tex 2019/08/03 v3.1.4b (3.1.4b)
\pgfsyssoftpath@smallbuffer@items=\count94
\pgfsyssoftpath@bigbuffer@items=\count95
) (/home/jmackie/texmf/tex/generic/pgf/systemlayer/pgfsysprotocol.code.tex
File: pgfsysprotocol.code.tex 2019/08/03 v3.1.4b (3.1.4b)
)) (/usr/share/texlive/texmf-dist/tex/latex/xcolor/xcolor.sty
Package: xcolor 2016/05/11 v2.12 LaTeX color extensions (UK)
(/usr/share/texlive/texmf-dist/tex/latex/graphics-cfg/color.cfg
File: color.cfg 2016/01/02 v1.6 sample color configuration
)
Package xcolor Info: Driver file: pdftex.def on input line 225.
Package xcolor Info: Model `cmy' substituted by `cmy0' on input line 1348.
Package xcolor Info: Model `hsb' substituted by `rgb' on input line 1352.
Package xcolor Info: Model `RGB' extended on input line 1364.
Package xcolor Info: Model `HTML' substituted by `rgb' on input line 1366.
Package xcolor Info: Model `Hsb' substituted by `hsb' on input line 1367.
Package xcolor Info: Model `tHsb' substituted by `hsb' on input line 1368.
Package xcolor Info: Model `HSB' substituted by `hsb' on input line 1369.
Package xcolor Info: Model `Gray' substituted by `gray' on input line 1370.
Package xcolor Info: Model `wave' substituted by `hsb' on input line 1371.
) (/home/jmackie/texmf/tex/generic/pgf/basiclayer/pgfcore.code.tex
Package: pgfcore 2019/08/03 v3.1.4b (3.1.4b)
(/home/jmackie/texmf/tex/generic/pgf/math/pgfmath.code.tex (/home/jmackie/texmf
/tex/generic/pgf/math/pgfmathcalc.code.tex (/home/jmackie/texmf/tex/generic/pgf
/math/pgfmathutil.code.tex) (/home/jmackie/texmf/tex/generic/pgf/math/pgfmathpa
rser.code.tex
\pgfmath@dimen=\dimen117
\pgfmath@count=\count96
\pgfmath@box=\box28
\pgfmath@toks=\toks24
\pgfmath@stack@operand=\toks25
\pgfmath@stack@operation=\toks26
) (/home/jmackie/texmf/tex/generic/pgf/math/pgfmathfunctions.code.tex (/home/jm
ackie/texmf/tex/generic/pgf/math/pgfmathfunctions.basic.code.tex)
(/home/jmackie/texmf/tex/generic/pgf/math/pgfmathfunctions.trigonometric.code.t
ex) (/home/jmackie/texmf/tex/generic/pgf/math/pgfmathfunctions.random.code.tex)
(/home/jmackie/texmf/tex/generic/pgf/math/pgfmathfunctions.comparison.code.tex)
(/home/jmackie/texmf/tex/generic/pgf/math/pgfmathfunctions.base.code.tex) (/hom
e/jmackie/texmf/tex/generic/pgf/math/pgfmathfunctions.round.code.tex) (/home/jm
ackie/texmf/tex/generic/pgf/math/pgfmathfunctions.misc.code.tex)
(/home/jmackie/texmf/tex/generic/pgf/math/pgfmathfunctions.integerarithmetics.c
ode.tex))) (/home/jmackie/texmf/tex/generic/pgf/math/pgfmathfloat.code.tex
\c@pgfmathroundto@lastzeros=\count97
)) (/home/jmackie/texmf/tex/generic/pgf/math/pgfint.code.tex) (/home/jmackie/te
xmf/tex/generic/pgf/basiclayer/pgfcorepoints.code.tex
File: pgfcorepoints.code.tex 2019/08/03 v3.1.4b (3.1.4b)
\pgf@picminx=\dimen118
\pgf@picmaxx=\dimen119
\pgf@picminy=\dimen120
\pgf@picmaxy=\dimen121
\pgf@pathminx=\dimen122
\pgf@pathmaxx=\dimen123
\pgf@pathminy=\dimen124
\pgf@pathmaxy=\dimen125
\pgf@xx=\dimen126
\pgf@xy=\dimen127
\pgf@yx=\dimen128
\pgf@yy=\dimen129
\pgf@zx=\dimen130
\pgf@zy=\dimen131
) (/home/jmackie/texmf/tex/generic/pgf/basiclayer/pgfcorepathconstruct.code.tex
File: pgfcorepathconstruct.code.tex 2019/08/03 v3.1.4b (3.1.4b)
\pgf@path@lastx=\dimen132
\pgf@path@lasty=\dimen133
) (/home/jmackie/texmf/tex/generic/pgf/basiclayer/pgfcorepathusage.code.tex
File: pgfcorepathusage.code.tex 2019/08/03 v3.1.4b (3.1.4b)
\pgf@shorten@end@additional=\dimen134
\pgf@shorten@start@additional=\dimen135
) (/home/jmackie/texmf/tex/generic/pgf/basiclayer/pgfcorescopes.code.tex
File: pgfcorescopes.code.tex 2019/08/03 v3.1.4b (3.1.4b)
\pgfpic=\box29
\pgf@hbox=\box30
\pgf@layerbox@main=\box31
\pgf@picture@serial@count=\count98
) (/home/jmackie/texmf/tex/generic/pgf/basiclayer/pgfcoregraphicstate.code.tex
File: pgfcoregraphicstate.code.tex 2019/08/03 v3.1.4b (3.1.4b)
\pgflinewidth=\dimen136
)
(/home/jmackie/texmf/tex/generic/pgf/basiclayer/pgfcoretransformations.code.tex
File: pgfcoretransformations.code.tex 2019/08/03 v3.1.4b (3.1.4b)
\pgf@pt@x=\dimen137
\pgf@pt@y=\dimen138
\pgf@pt@temp=\dimen139
) (/home/jmackie/texmf/tex/generic/pgf/basiclayer/pgfcorequick.code.tex
File: pgfcorequick.code.tex 2019/08/03 v3.1.4b (3.1.4b)
) (/home/jmackie/texmf/tex/generic/pgf/basiclayer/pgfcoreobjects.code.tex
File: pgfcoreobjects.code.tex 2019/08/03 v3.1.4b (3.1.4b)
) (/home/jmackie/texmf/tex/generic/pgf/basiclayer/pgfcorepathprocessing.code.te
x
File: pgfcorepathprocessing.code.tex 2019/08/03 v3.1.4b (3.1.4b)
) (/home/jmackie/texmf/tex/generic/pgf/basiclayer/pgfcorearrows.code.tex
File: pgfcorearrows.code.tex 2019/08/03 v3.1.4b (3.1.4b)
\pgfarrowsep=\dimen140
) (/home/jmackie/texmf/tex/generic/pgf/basiclayer/pgfcoreshade.code.tex
File: pgfcoreshade.code.tex 2019/08/03 v3.1.4b (3.1.4b)
\pgf@max=\dimen141
\pgf@sys@shading@range@num=\count99
\pgf@shadingcount=\count100
) (/home/jmackie/texmf/tex/generic/pgf/basiclayer/pgfcoreimage.code.tex
File: pgfcoreimage.code.tex 2019/08/03 v3.1.4b (3.1.4b)
(/home/jmackie/texmf/tex/generic/pgf/basiclayer/pgfcoreexternal.code.tex
File: pgfcoreexternal.code.tex 2019/08/03 v3.1.4b (3.1.4b)
\pgfexternal@startupbox=\box32
)) (/home/jmackie/texmf/tex/generic/pgf/basiclayer/pgfcorelayers.code.tex
File: pgfcorelayers.code.tex 2019/08/03 v3.1.4b (3.1.4b)
) (/home/jmackie/texmf/tex/generic/pgf/basiclayer/pgfcoretransparency.code.tex
File: pgfcoretransparency.code.tex 2019/08/03 v3.1.4b (3.1.4b)
) (/home/jmackie/texmf/tex/generic/pgf/basiclayer/pgfcorepatterns.code.tex
File: pgfcorepatterns.code.tex 2019/08/03 v3.1.4b (3.1.4b)
) (/home/jmackie/texmf/tex/generic/pgf/basiclayer/pgfcorerdf.code.tex
File: pgfcorerdf.code.tex 2019/08/03 v3.1.4b (3.1.4b)
))) (/home/jmackie/texmf/tex/generic/pgf/modules/pgfmoduleshapes.code.tex
File: pgfmoduleshapes.code.tex 2019/08/03 v3.1.4b (3.1.4b)
\pgfnodeparttextbox=\box33
) (/home/jmackie/texmf/tex/generic/pgf/modules/pgfmoduleplot.code.tex
File: pgfmoduleplot.code.tex 2019/08/03 v3.1.4b (3.1.4b)
) (/home/jmackie/texmf/tex/latex/pgf/compatibility/pgfcomp-version-0-65.sty
Package: pgfcomp-version-0-65 2019/08/03 v3.1.4b (3.1.4b)
\pgf@nodesepstart=\dimen142
\pgf@nodesepend=\dimen143
) (/home/jmackie/texmf/tex/latex/pgf/compatibility/pgfcomp-version-1-18.sty
Package: pgfcomp-version-1-18 2019/08/03 v3.1.4b (3.1.4b)
)) (/home/jmackie/texmf/tex/latex/pgf/utilities/pgffor.sty (/home/jmackie/texmf
/tex/latex/pgf/utilities/pgfkeys.sty (/home/jmackie/texmf/tex/generic/pgf/utili
ties/pgfkeys.code.tex)) (/home/jmackie/texmf/tex/latex/pgf/math/pgfmath.sty (/h
ome/jmackie/texmf/tex/generic/pgf/math/pgfmath.code.tex)) (/home/jmackie/texmf/
tex/generic/pgf/utilities/pgffor.code.tex
Package: pgffor 2019/08/03 v3.1.4b (3.1.4b)
(/home/jmackie/texmf/tex/generic/pgf/math/pgfmath.code.tex)
\pgffor@iter=\dimen144
\pgffor@skip=\dimen145
\pgffor@stack=\toks27
\pgffor@toks=\toks28
)) (/home/jmackie/texmf/tex/generic/pgf/frontendlayer/tikz/tikz.code.tex
Package: tikz 2019/08/03 v3.1.4b (3.1.4b)
(/home/jmackie/texmf/tex/generic/pgf/libraries/pgflibraryplothandlers.code.tex
File: pgflibraryplothandlers.code.tex 2019/08/03 v3.1.4b (3.1.4b)
\pgf@plot@mark@count=\count101
\pgfplotmarksize=\dimen146
)
\tikz@lastx=\dimen147
\tikz@lasty=\dimen148
\tikz@lastxsaved=\dimen149
\tikz@lastysaved=\dimen150
\tikz@lastmovetox=\dimen151
\tikz@lastmovetoy=\dimen152
\tikzleveldistance=\dimen153
\tikzsiblingdistance=\dimen154
\tikz@figbox=\box34
\tikz@figbox@bg=\box35
\tikz@tempbox=\box36
\tikz@tempbox@bg=\box37
\tikztreelevel=\count102
\tikznumberofchildren=\count103
\tikznumberofcurrentchild=\count104
\tikz@fig@count=\count105
(/home/jmackie/texmf/tex/generic/pgf/modules/pgfmodulematrix.code.tex
File: pgfmodulematrix.code.tex 2019/08/03 v3.1.4b (3.1.4b)
\pgfmatrixcurrentrow=\count106
\pgfmatrixcurrentcolumn=\count107
\pgf@matrix@numberofcolumns=\count108
)
\tikz@expandcount=\count109

(/home/jmackie/texmf/tex/generic/pgf/frontendlayer/tikz/libraries/tikzlibraryto
paths.code.tex
File: tikzlibrarytopaths.code.tex 2019/08/03 v3.1.4b (3.1.4b)
))) (/usr/share/texlive/texmf-dist/tex/latex/geometry/geometry.sty
Package: geometry 2018/04/16 v5.8 Page Geometry
(/usr/share/texlive/texmf-dist/tex/generic/oberdiek/ifpdf.sty
Package: ifpdf 2018/09/07 v3.3 Provides the ifpdf switch
) (/usr/share/texlive/texmf-dist/tex/generic/oberdiek/ifvtex.sty
Package: ifvtex 2016/05/16 v1.6 Detect VTeX and its facilities (HO)
Package ifvtex Info: VTeX not detected.
) (/usr/share/texlive/texmf-dist/tex/generic/ifxetex/ifxetex.sty
Package: ifxetex 2010/09/12 v0.6 Provides ifxetex conditional
)
\Gm@cnth=\count110
\Gm@cntv=\count111
\c@Gm@tempcnt=\count112
\Gm@bindingoffset=\dimen155
\Gm@wd@mp=\dimen156
\Gm@odd@mp=\dimen157
\Gm@even@mp=\dimen158
\Gm@layoutwidth=\dimen159
\Gm@layoutheight=\dimen160
\Gm@layouthoffset=\dimen161
\Gm@layoutvoffset=\dimen162
\Gm@dimlist=\toks29
) (/usr/share/texlive/texmf-dist/tex/latex/fancyhdr/fancyhdr.sty
Package: fancyhdr 2019/01/31 v3.10 Extensive control of page headers and footer
s
\f@nch@headwidth=\skip43
\f@nch@O@elh=\skip44
\f@nch@O@erh=\skip45
\f@nch@O@olh=\skip46
\f@nch@O@orh=\skip47
\f@nch@O@elf=\skip48
\f@nch@O@erf=\skip49
\f@nch@O@olf=\skip50
\f@nch@O@orf=\skip51
) (/usr/share/texlive/texmf-dist/tex/latex/microtype/microtype.sty
Package: microtype 2019/02/28 v2.7b Micro-typographical refinements (RS)
\MT@toks=\toks30
\MT@count=\count113
LaTeX Info: Redefining \textls on input line 790.
\MT@outer@kern=\dimen163
LaTeX Info: Redefining \textmicrotypecontext on input line 1336.
\MT@listname@count=\count114
(/usr/share/texlive/texmf-dist/tex/latex/microtype/microtype-pdftex.def
File: microtype-pdftex.def 2019/02/28 v2.7b Definitions specific to pdftex (RS)

LaTeX Info: Redefining \lsstyle on input line 914.
LaTeX Info: Redefining \lslig on input line 914.
\MT@outer@space=\skip52
)
Package microtype Info: Loading configuration file microtype.cfg.
(/usr/share/texlive/texmf-dist/tex/latex/microtype/microtype.cfg
File: microtype.cfg 2019/02/28 v2.7b microtype main configuration file (RS)
)) (/usr/share/texlive/texmf-dist/tex/latex/psnfss/helvet.sty
Package: helvet 2005/04/12 PSNFSS-v9.2a (WaS) 
) (/usr/share/texlive/texmf-dist/tex/latex/psnfss/palatino.sty
Package: palatino 2005/04/12 PSNFSS-v9.2a (SPQR) 
) (/usr/share/texlive/texmf-dist/tex/latex/psnfss/mathpazo.sty
Package: mathpazo 2005/04/12 PSNFSS-v9.2a Palatino w/ Pazo Math (D.Puga, WaS) 
\symupright=\mathgroup4
) (/usr/share/texlive/texmf-dist/tex/latex/inconsolata/inconsolata.sty
Package: inconsolata 2019/05/17 v1.12
`inconsolata-zi4' v1.12, 2019/05/17 Text macros for Inconsolata (msharpe) (/usr
/share/texlive/texmf-dist/tex/latex/base/textcomp.sty
Package: textcomp 2018/08/11 v2.0j Standard LaTeX package
Package textcomp Info: Sub-encoding information:
(textcomp)               5 = only ISO-Adobe without \textcurrency
(textcomp)               4 = 5 + \texteuro
(textcomp)               3 = 4 + \textohm
(textcomp)               2 = 3 + \textestimated + \textcurrency
(textcomp)               1 = TS1 - \textcircled - \t
(textcomp)               0 = TS1 (full)
(textcomp)             Font families with sub-encoding setting implement
(textcomp)             only a restricted character set as indicated.
(textcomp)             Family '?' is the default used for unknown fonts.
(textcomp)             See the documentation for details.
Package textcomp Info: Setting ? sub-encoding to TS1/1 on input line 79.
(/usr/share/texlive/texmf-dist/tex/latex/base/ts1enc.def
File: ts1enc.def 2001/06/05 v3.0e (jk/car/fm) Standard LaTeX file
Now handling font encoding TS1 ...
... processing UTF-8 mapping file for font encoding TS1
(/usr/share/texlive/texmf-dist/tex/latex/base/ts1enc.dfu
File: ts1enc.dfu 2018/10/05 v1.2f UTF-8 support for inputenc
   defining Unicode char U+00A2 (decimal 162)
   defining Unicode char U+00A3 (decimal 163)
   defining Unicode char U+00A4 (decimal 164)
   defining Unicode char U+00A5 (decimal 165)
   defining Unicode char U+00A6 (decimal 166)
   defining Unicode char U+00A7 (decimal 167)
   defining Unicode char U+00A8 (decimal 168)
   defining Unicode char U+00A9 (decimal 169)
   defining Unicode char U+00AA (decimal 170)
   defining Unicode char U+00AC (decimal 172)
   defining Unicode char U+00AE (decimal 174)
   defining Unicode char U+00AF (decimal 175)
   defining Unicode char U+00B0 (decimal 176)
   defining Unicode char U+00B1 (decimal 177)
   defining Unicode char U+00B2 (decimal 178)
   defining Unicode char U+00B3 (decimal 179)
   defining Unicode char U+00B4 (decimal 180)
   defining Unicode char U+00B5 (decimal 181)
   defining Unicode char U+00B6 (decimal 182)
   defining Unicode char U+00B7 (decimal 183)
   defining Unicode char U+00B9 (decimal 185)
   defining Unicode char U+00BA (decimal 186)
   defining Unicode char U+00BC (decimal 188)
   defining Unicode char U+00BD (decimal 189)
   defining Unicode char U+00BE (decimal 190)
   defining Unicode char U+00D7 (decimal 215)
   defining Unicode char U+00F7 (decimal 247)
   defining Unicode char U+0192 (decimal 402)
   defining Unicode char U+02C7 (decimal 711)
   defining Unicode char U+02D8 (decimal 728)
   defining Unicode char U+02DD (decimal 733)
   defining Unicode char U+0E3F (decimal 3647)
   defining Unicode char U+2016 (decimal 8214)
   defining Unicode char U+2020 (decimal 8224)
   defining Unicode char U+2021 (decimal 8225)
   defining Unicode char U+2022 (decimal 8226)
   defining Unicode char U+2030 (decimal 8240)
   defining Unicode char U+2031 (decimal 8241)
   defining Unicode char U+203B (decimal 8251)
   defining Unicode char U+203D (decimal 8253)
   defining Unicode char U+2044 (decimal 8260)
   defining Unicode char U+204E (decimal 8270)
   defining Unicode char U+2052 (decimal 8274)
   defining Unicode char U+20A1 (decimal 8353)
   defining Unicode char U+20A4 (decimal 8356)
   defining Unicode char U+20A6 (decimal 8358)
   defining Unicode char U+20A9 (decimal 8361)
   defining Unicode char U+20AB (decimal 8363)
   defining Unicode char U+20AC (decimal 8364)
   defining Unicode char U+20B1 (decimal 8369)
   defining Unicode char U+2103 (decimal 8451)
   defining Unicode char U+2116 (decimal 8470)
   defining Unicode char U+2117 (decimal 8471)
   defining Unicode char U+211E (decimal 8478)
   defining Unicode char U+2120 (decimal 8480)
   defining Unicode char U+2122 (decimal 8482)
   defining Unicode char U+2126 (decimal 8486)
   defining Unicode char U+2127 (decimal 8487)
   defining Unicode char U+212E (decimal 8494)
   defining Unicode char U+2190 (decimal 8592)
   defining Unicode char U+2191 (decimal 8593)
   defining Unicode char U+2192 (decimal 8594)
   defining Unicode char U+2193 (decimal 8595)
   defining Unicode char U+2329 (decimal 9001)
   defining Unicode char U+232A (decimal 9002)
   defining Unicode char U+2422 (decimal 9250)
   defining Unicode char U+25E6 (decimal 9702)
   defining Unicode char U+25EF (decimal 9711)
   defining Unicode char U+266A (decimal 9834)
   defining Unicode char U+FEFF (decimal 65279)
))
LaTeX Info: Redefining \oldstylenums on input line 334.
Package textcomp Info: Setting cmr sub-encoding to TS1/0 on input line 349.
Package textcomp Info: Setting cmss sub-encoding to TS1/0 on input line 350.
Package textcomp Info: Setting cmtt sub-encoding to TS1/0 on input line 351.
Package textcomp Info: Setting cmvtt sub-encoding to TS1/0 on input line 352.
Package textcomp Info: Setting cmbr sub-encoding to TS1/0 on input line 353.
Package textcomp Info: Setting cmtl sub-encoding to TS1/0 on input line 354.
Package textcomp Info: Setting ccr sub-encoding to TS1/0 on input line 355.
Package textcomp Info: Setting ptm sub-encoding to TS1/4 on input line 356.
Package textcomp Info: Setting pcr sub-encoding to TS1/4 on input line 357.
Package textcomp Info: Setting phv sub-encoding to TS1/4 on input line 358.
Package textcomp Info: Setting ppl sub-encoding to TS1/3 on input line 359.
Package textcomp Info: Setting pag sub-encoding to TS1/4 on input line 360.
Package textcomp Info: Setting pbk sub-encoding to TS1/4 on input line 361.
Package textcomp Info: Setting pnc sub-encoding to TS1/4 on input line 362.
Package textcomp Info: Setting pzc sub-encoding to TS1/4 on input line 363.
Package textcomp Info: Setting bch sub-encoding to TS1/4 on input line 364.
Package textcomp Info: Setting put sub-encoding to TS1/5 on input line 365.
Package textcomp Info: Setting uag sub-encoding to TS1/5 on input line 366.
Package textcomp Info: Setting ugq sub-encoding to TS1/5 on input line 367.
Package textcomp Info: Setting ul8 sub-encoding to TS1/4 on input line 368.
Package textcomp Info: Setting ul9 sub-encoding to TS1/4 on input line 369.
Package textcomp Info: Setting augie sub-encoding to TS1/5 on input line 370.
Package textcomp Info: Setting dayrom sub-encoding to TS1/3 on input line 371.
Package textcomp Info: Setting dayroms sub-encoding to TS1/3 on input line 372.

Package textcomp Info: Setting pxr sub-encoding to TS1/0 on input line 373.
Package textcomp Info: Setting pxss sub-encoding to TS1/0 on input line 374.
Package textcomp Info: Setting pxtt sub-encoding to TS1/0 on input line 375.
Package textcomp Info: Setting txr sub-encoding to TS1/0 on input line 376.
Package textcomp Info: Setting txss sub-encoding to TS1/0 on input line 377.
Package textcomp Info: Setting txtt sub-encoding to TS1/0 on input line 378.
Package textcomp Info: Setting lmr sub-encoding to TS1/0 on input line 379.
Package textcomp Info: Setting lmdh sub-encoding to TS1/0 on input line 380.
Package textcomp Info: Setting lmss sub-encoding to TS1/0 on input line 381.
Package textcomp Info: Setting lmssq sub-encoding to TS1/0 on input line 382.
Package textcomp Info: Setting lmvtt sub-encoding to TS1/0 on input line 383.
Package textcomp Info: Setting lmtt sub-encoding to TS1/0 on input line 384.
Package textcomp Info: Setting qhv sub-encoding to TS1/0 on input line 385.
Package textcomp Info: Setting qag sub-encoding to TS1/0 on input line 386.
Package textcomp Info: Setting qbk sub-encoding to TS1/0 on input line 387.
Package textcomp Info: Setting qcr sub-encoding to TS1/0 on input line 388.
Package textcomp Info: Setting qcs sub-encoding to TS1/0 on input line 389.
Package textcomp Info: Setting qpl sub-encoding to TS1/0 on input line 390.
Package textcomp Info: Setting qtm sub-encoding to TS1/0 on input line 391.
Package textcomp Info: Setting qzc sub-encoding to TS1/0 on input line 392.
Package textcomp Info: Setting qhvc sub-encoding to TS1/0 on input line 393.
Package textcomp Info: Setting futs sub-encoding to TS1/4 on input line 394.
Package textcomp Info: Setting futx sub-encoding to TS1/4 on input line 395.
Package textcomp Info: Setting futj sub-encoding to TS1/4 on input line 396.
Package textcomp Info: Setting hlh sub-encoding to TS1/3 on input line 397.
Package textcomp Info: Setting hls sub-encoding to TS1/3 on input line 398.
Package textcomp Info: Setting hlst sub-encoding to TS1/3 on input line 399.
Package textcomp Info: Setting hlct sub-encoding to TS1/5 on input line 400.
Package textcomp Info: Setting hlx sub-encoding to TS1/5 on input line 401.
Package textcomp Info: Setting hlce sub-encoding to TS1/5 on input line 402.
Package textcomp Info: Setting hlcn sub-encoding to TS1/5 on input line 403.
Package textcomp Info: Setting hlcw sub-encoding to TS1/5 on input line 404.
Package textcomp Info: Setting hlcf sub-encoding to TS1/5 on input line 405.
Package textcomp Info: Setting pplx sub-encoding to TS1/3 on input line 406.
Package textcomp Info: Setting pplj sub-encoding to TS1/3 on input line 407.
Package textcomp Info: Setting ptmx sub-encoding to TS1/4 on input line 408.
Package textcomp Info: Setting ptmj sub-encoding to TS1/4 on input line 409.
) (/usr/share/texlive/texmf-dist/tex/latex/xkeyval/xkeyval.sty
Package: xkeyval 2014/12/03 v2.7a package option processing (HA)
(/usr/share/texlive/texmf-dist/tex/generic/xkeyval/xkeyval.tex (/usr/share/texl
ive/texmf-dist/tex/generic/xkeyval/xkvutils.tex
\XKV@toks=\toks31
\XKV@tempa@toks=\toks32
)
\XKV@depth=\count115
File: xkeyval.tex 2014/12/03 v2.7a key=value parser (HA)
))
\zifour@ocount=\count116
) (/usr/share/texlive/texmf-dist/tex/latex/base/fontenc.sty
Package: fontenc 2018/08/11 v2.0j Standard LaTeX package
(/usr/share/texlive/texmf-dist/tex/latex/base/t1enc.def
File: t1enc.def 2018/08/11 v2.0j Standard LaTeX file
LaTeX Font Info:    Redeclaring font encoding T1 on input line 48.
)) (/usr/share/texlive/texmf-dist/tex/latex/url/url.sty
\Urlmuskip=\muskip10
Package: url 2013/09/16  ver 3.4  Verb mode for urls, etc.
) (/usr/share/texlive/texmf-dist/tex/latex/hyperref/hyperref.sty
Package: hyperref 2018/11/30 v6.88e Hypertext links for LaTeX
(/usr/share/texlive/texmf-dist/tex/generic/oberdiek/hobsub-hyperref.sty
Package: hobsub-hyperref 2016/05/16 v1.14 Bundle oberdiek, subset hyperref (HO)

(/usr/share/texlive/texmf-dist/tex/generic/oberdiek/hobsub-generic.sty
Package: hobsub-generic 2016/05/16 v1.14 Bundle oberdiek, subset generic (HO)
Package: hobsub 2016/05/16 v1.14 Construct package bundles (HO)
Package: infwarerr 2016/05/16 v1.4 Providing info/warning/error messages (HO)
Package: ltxcmds 2016/05/16 v1.23 LaTeX kernel commands for general use (HO)
Package: ifluatex 2016/05/16 v1.4 Provides the ifluatex switch (HO)
Package ifluatex Info: LuaTeX not detected.
Package hobsub Info: Skipping package `ifvtex' (already loaded).
Package: intcalc 2016/05/16 v1.2 Expandable calculations with integers (HO)
Package hobsub Info: Skipping package `ifpdf' (already loaded).
Package: etexcmds 2016/05/16 v1.6 Avoid name clashes with e-TeX commands (HO)
Package: kvsetkeys 2016/05/16 v1.17 Key value parser (HO)
Package: kvdefinekeys 2016/05/16 v1.4 Define keys (HO)
Package: pdftexcmds 2018/09/10 v0.29 Utility functions of pdfTeX for LuaTeX (HO
)
Package pdftexcmds Info: LuaTeX not detected.
Package pdftexcmds Info: \pdf@primitive is available.
Package pdftexcmds Info: \pdf@ifprimitive is available.
Package pdftexcmds Info: \pdfdraftmode found.
Package: pdfescape 2016/05/16 v1.14 Implements pdfTeX's escape features (HO)
Package: bigintcalc 2016/05/16 v1.4 Expandable calculations on big integers (HO
)
Package: bitset 2016/05/16 v1.2 Handle bit-vector datatype (HO)
Package: uniquecounter 2016/05/16 v1.3 Provide unlimited unique counter (HO)
)
Package hobsub Info: Skipping package `hobsub' (already loaded).
Package: letltxmacro 2016/05/16 v1.5 Let assignment for LaTeX macros (HO)
Package: hopatch 2016/05/16 v1.3 Wrapper for package hooks (HO)
Package: xcolor-patch 2016/05/16 xcolor patch
Package: atveryend 2016/05/16 v1.9 Hooks at the very end of document (HO)
Package atveryend Info: \enddocument detected (standard20110627).
Package: atbegshi 2016/06/09 v1.18 At begin shipout hook (HO)
Package: refcount 2016/05/16 v3.5 Data extraction from label references (HO)
Package: hycolor 2016/05/16 v1.8 Color options for hyperref/bookmark (HO)
) (/usr/share/texlive/texmf-dist/tex/latex/oberdiek/auxhook.sty
Package: auxhook 2016/05/16 v1.4 Hooks for auxiliary files (HO)
) (/usr/share/texlive/texmf-dist/tex/latex/oberdiek/kvoptions.sty
Package: kvoptions 2016/05/16 v3.12 Key value format for package options (HO)
)
\@linkdim=\dimen164
\Hy@linkcounter=\count117
\Hy@pagecounter=\count118
(/usr/share/texlive/texmf-dist/tex/latex/hyperref/pd1enc.def
File: pd1enc.def 2018/11/30 v6.88e Hyperref: PDFDocEncoding definition (HO)
Now handling font encoding PD1 ...
... no UTF-8 mapping file for font encoding PD1
)
\Hy@SavedSpaceFactor=\count119
(/usr/share/texlive/texmf-dist/tex/latex/latexconfig/hyperref.cfg
File: hyperref.cfg 2002/06/06 v1.2 hyperref configuration of TeXLive
)
Package hyperref Info: Hyper figures OFF on input line 4519.
Package hyperref Info: Link nesting OFF on input line 4524.
Package hyperref Info: Hyper index ON on input line 4527.
Package hyperref Info: Plain pages OFF on input line 4534.
Package hyperref Info: Backreferencing ON on input line 4537.
Package hyperref Info: Implicit mode ON; LaTeX internals redefined.
Package hyperref Info: Bookmarks ON on input line 4772.
(/usr/share/texlive/texmf-dist/tex/latex/hyperref/backref.sty
Package: backref 2016/05/21 v1.39 Bibliographical back referencing
(/usr/share/texlive/texmf-dist/tex/latex/oberdiek/rerunfilecheck.sty
Package: rerunfilecheck 2016/05/16 v1.8 Rerun checks for auxiliary files (HO)
Package uniquecounter Info: New unique counter `rerunfilecheck' on input line 2
82.
))
\c@Hy@tempcnt=\count120
LaTeX Info: Redefining \url on input line 5125.
\XeTeXLinkMargin=\dimen165
\Fld@menulength=\count121
\Field@Width=\dimen166
\Fld@charsize=\dimen167
Package hyperref Info: Hyper figures OFF on input line 6380.
Package hyperref Info: Link nesting OFF on input line 6385.
Package hyperref Info: Hyper index ON on input line 6388.
Package hyperref Info: backreferencing ON on input line 6393.
Package hyperref Info: Link coloring OFF on input line 6400.
Package hyperref Info: Link coloring with OCG OFF on input line 6405.
Package hyperref Info: PDF/A mode OFF on input line 6410.
LaTeX Info: Redefining \ref on input line 6450.
LaTeX Info: Redefining \pageref on input line 6454.
\Hy@abspage=\count122
\c@Item=\count123
\c@Hfootnote=\count124
)
Package hyperref Info: Driver (autodetected): hpdftex.
(/usr/share/texlive/texmf-dist/tex/latex/hyperref/hpdftex.def
File: hpdftex.def 2018/11/30 v6.88e Hyperref driver for pdfTeX
\Fld@listcount=\count125
\c@bookmark@seq@number=\count126
\Hy@SectionHShift=\skip53
)
Package hyperref Info: Option `colorlinks' set `true' on input line 62.
(/usr/share/texlive/texmf-dist/tex/latex/setspace/setspace.sty
Package: setspace 2011/12/19 v6.7a set line spacing
) (/usr/share/texlive/texmf-dist/tex/latex/titlesec/titlesec.sty
Package: titlesec 2016/03/21 v2.10.2 Sectioning titles
\ttl@box=\box38
\beforetitleunit=\skip54
\aftertitleunit=\skip55
\ttl@plus=\dimen168
\ttl@minus=\dimen169
\ttl@toksa=\toks33
\titlewidth=\dimen170
\titlewidthlast=\dimen171
\titlewidthfirst=\dimen172
) (/usr/share/texlive/texmf-dist/tex/latex/titlesec/titletoc.sty
Package: titletoc 2011/12/15 v1.6 TOC entries
\ttl@leftsep=\dimen173
) (/usr/share/texlive/texmf-dist/tex/latex/placeins/placeins.sty
Package: placeins 2005/04/18  v 2.2
) (/usr/share/texlive/texmf-dist/tex/latex/natbib/natbib.sty
Package: natbib 2010/09/13 8.31b (PWD, AO)
\bibhang=\skip56
\bibsep=\skip57
LaTeX Info: Redefining \cite on input line 694.
\c@NAT@ctr=\count127
) (/usr/share/texlive/texmf-dist/tex/latex/fancyvrb/fancyvrb.sty
Package: fancyvrb 2019/01/15
Style option: `fancyvrb' v3.2a <2019/01/15> (tvz)
\FV@CodeLineNo=\count128
\FV@InFile=\read2
\FV@TabBox=\box39
\c@FancyVerbLine=\count129
\FV@StepNumber=\count130
\FV@OutFile=\write4
) (/usr/share/texlive/texmf-dist/tex/latex/base/alltt.sty
Package: alltt 1997/06/16 v2.0g defines alltt environment
) (/usr/share/texlive/texmf-dist/tex/latex/amsfonts/amsfonts.sty
Package: amsfonts 2013/01/14 v3.01 Basic AMSFonts support
\@emptytoks=\toks34
\symAMSa=\mathgroup5
\symAMSb=\mathgroup6
LaTeX Font Info:    Overwriting math alphabet `\mathfrak' in version `bold'
(Font)                  U/euf/m/n --> U/euf/b/n on input line 106.
) (/usr/share/texlive/texmf-dist/tex/latex/caption/caption.sty
Package: caption 2018/10/06 v3.3-154 Customizing captions (AR)
(/usr/share/texlive/texmf-dist/tex/latex/caption/caption3.sty
Package: caption3 2018/09/12 v1.8c caption3 kernel (AR)
Package caption3 Info: TeX engine: e-TeX on input line 64.
\captionmargin=\dimen174
\captionmargin@=\dimen175
\captionwidth=\dimen176
\caption@tempdima=\dimen177
\caption@indent=\dimen178
\caption@parindent=\dimen179
\caption@hangindent=\dimen180
)
\c@caption@flags=\count131
\c@ContinuedFloat=\count132
Package caption Info: hyperref package is loaded.
) (/usr/share/texlive/texmf-dist/tex/latex/environ/environ.sty
Package: environ 2014/05/04 v0.3 A new way to define environments
(/usr/share/texlive/texmf-dist/tex/latex/trimspaces/trimspaces.sty
Package: trimspaces 2009/09/17 v1.1 Trim spaces around a token list
)
\@envbody=\toks35
)) (/usr/share/texlive/texmf-dist/tex/latex/amsmath/amsmath.sty
Package: amsmath 2018/12/01 v2.17b AMS math features
\@mathmargin=\skip58
For additional information on amsmath, use the `?' option.
(/usr/share/texlive/texmf-dist/tex/latex/amsmath/amstext.sty
Package: amstext 2000/06/29 v2.01 AMS text
(/usr/share/texlive/texmf-dist/tex/latex/amsmath/amsgen.sty
File: amsgen.sty 1999/11/30 v2.0 generic functions
\@emptytoks=\toks36
\ex@=\dimen181
)) (/usr/share/texlive/texmf-dist/tex/latex/amsmath/amsbsy.sty
Package: amsbsy 1999/11/29 v1.2d Bold Symbols
\pmbraise@=\dimen182
) (/usr/share/texlive/texmf-dist/tex/latex/amsmath/amsopn.sty
Package: amsopn 2016/03/08 v2.02 operator names
LaTeX Info: Redefining \operatorname on input line 43.
)
\inf@bad=\count133
LaTeX Info: Redefining \frac on input line 223.
\uproot@=\count134
\leftroot@=\count135
LaTeX Info: Redefining \overline on input line 385.
\classnum@=\count136
\DOTSCASE@=\count137
LaTeX Info: Redefining \ldots on input line 482.
LaTeX Info: Redefining \dots on input line 485.
LaTeX Info: Redefining \cdots on input line 606.
\Mathstrutbox@=\box40
\strutbox@=\box41
\big@size=\dimen183
LaTeX Font Info:    Redeclaring font encoding OML on input line 729.
LaTeX Font Info:    Redeclaring font encoding OMS on input line 730.
\macc@depth=\count138
\c@MaxMatrixCols=\count139
\dotsspace@=\muskip11
\c@parentequation=\count140
\dspbrk@lvl=\count141
\tag@help=\toks37
\row@=\count142
\column@=\count143
\maxfields@=\count144
\andhelp@=\toks38
\eqnshift@=\dimen184
\alignsep@=\dimen185
\tagshift@=\dimen186
\tagwidth@=\dimen187
\totwidth@=\dimen188
\lineht@=\dimen189
\@envbody=\toks39
\multlinegap=\skip59
\multlinetaggap=\skip60
\mathdisplay@stack=\toks40
LaTeX Info: Redefining \[ on input line 2844.
LaTeX Info: Redefining \] on input line 2845.
) (/usr/share/texlive/texmf-dist/tex/latex/amsfonts/amssymb.sty
Package: amssymb 2013/01/14 v3.01 AMS font symbols
) (/usr/share/texlive/texmf-dist/tex/latex/tools/array.sty
Package: array 2018/12/30 v2.4k Tabular extension package (FMi)
\col@sep=\dimen190
\ar@mcellbox=\box42
\extrarowheight=\dimen191
\NC@list=\toks41
\extratabsurround=\skip61
\backup@length=\skip62
\ar@cellbox=\box43
) (/usr/share/texlive/texmf-dist/tex/latex/booktabs/booktabs.sty
Package: booktabs 2016/04/27 v1.618033 publication quality tables
\heavyrulewidth=\dimen192
\lightrulewidth=\dimen193
\cmidrulewidth=\dimen194
\belowrulesep=\dimen195
\belowbottomsep=\dimen196
\aboverulesep=\dimen197
\abovetopsep=\dimen198
\cmidrulesep=\dimen199
\cmidrulekern=\dimen256
\defaultaddspace=\dimen257
\@cmidla=\count145
\@cmidlb=\count146
\@aboverulesep=\dimen258
\@belowrulesep=\dimen259
\@thisruleclass=\count147
\@lastruleclass=\count148
\@thisrulewidth=\dimen260
) (./RJwrapper.aux)
\openout1 = `RJwrapper.aux'.

LaTeX Font Info:    Checking defaults for OML/cmm/m/it on input line 12.
LaTeX Font Info:    ... okay on input line 12.
LaTeX Font Info:    Checking defaults for T1/cmr/m/n on input line 12.
LaTeX Font Info:    ... okay on input line 12.
LaTeX Font Info:    Checking defaults for OT1/cmr/m/n on input line 12.
LaTeX Font Info:    ... okay on input line 12.
LaTeX Font Info:    Checking defaults for OMS/cmsy/m/n on input line 12.
LaTeX Font Info:    ... okay on input line 12.
LaTeX Font Info:    Checking defaults for OMX/cmex/m/n on input line 12.
LaTeX Font Info:    ... okay on input line 12.
LaTeX Font Info:    Checking defaults for U/cmr/m/n on input line 12.
LaTeX Font Info:    ... okay on input line 12.
LaTeX Font Info:    Checking defaults for TS1/cmr/m/n on input line 12.
LaTeX Font Info:    Try loading font information for TS1+cmr on input line 12.
(/usr/share/texlive/texmf-dist/tex/latex/base/ts1cmr.fd
File: ts1cmr.fd 2014/09/29 v2.5h Standard LaTeX font definitions
)
LaTeX Font Info:    ... okay on input line 12.
LaTeX Font Info:    Checking defaults for PD1/pdf/m/n on input line 12.
LaTeX Font Info:    ... okay on input line 12.
LaTeX Font Info:    Try loading font information for T1+ppl on input line 12.
(/usr/share/texlive/texmf-dist/tex/latex/psnfss/t1ppl.fd
File: t1ppl.fd 2001/06/04 font definitions for T1/ppl.
) ABD: EveryShipout initializing macros (/usr/share/texlive/texmf-dist/tex/cont
ext/base/mkii/supp-pdf.mkii
[Loading MPS to PDF converter (version 2006.09.02).]
\scratchcounter=\count149
\scratchdimen=\dimen261
\scratchbox=\box44
\nofMPsegments=\count150
\nofMParguments=\count151
\everyMPshowfont=\toks42
\MPscratchCnt=\count152
\MPscratchDim=\dimen262
\MPnumerator=\count153
\makeMPintoPDFobject=\count154
\everyMPtoPDFconversion=\toks43
) (/usr/share/texlive/texmf-dist/tex/latex/oberdiek/epstopdf-base.sty
Package: epstopdf-base 2016/05/15 v2.6 Base part for package epstopdf
(/usr/share/texlive/texmf-dist/tex/latex/oberdiek/grfext.sty
Package: grfext 2016/05/16 v1.2 Manage graphics extensions (HO)
)
Package epstopdf-base Info: Redefining graphics rule for `.eps' on input line 4
38.
Package grfext Info: Graphics extension search list:
(grfext)             [.pdf,.png,.jpg,.mps,.jpeg,.jbig2,.jb2,.PDF,.PNG,.JPG,.JPE
G,.JBIG2,.JB2,.eps]
(grfext)             \AppendGraphicsExtensions on input line 456.
(/usr/share/texlive/texmf-dist/tex/latex/latexconfig/epstopdf-sys.cfg
File: epstopdf-sys.cfg 2010/07/13 v1.3 Configuration of (r)epstopdf for TeX Liv
e
))
*geometry* driver: auto-detecting
*geometry* detected driver: pdftex
*geometry* verbose mode - [ preamble ] result:
* driver: pdftex
* paper: a4paper
* layout: <same size as paper>
* layoutoffset:(h,v)=(0.0pt,0.0pt)
* hratio: 1:1
* vratio: 1:1
* modes: includehead includefoot 
* h-part:(L,W,R)=(99.58464pt, 398.33858pt, 99.58466pt)
* v-part:(T,H,B)=(28.45274pt, 788.14136pt, 28.45274pt)
* \paperwidth=597.50787pt
* \paperheight=845.04684pt
* \textwidth=398.33858pt
* \textheight=708.46223pt
* \oddsidemargin=27.31465pt
* \evensidemargin=27.31465pt
* \topmargin=-43.81725pt
* \headheight=12.0pt
* \headsep=25.0pt
* \topskip=10.0pt
* \footskip=42.67912pt
* \marginparwidth=57.0pt
* \marginparsep=11.0pt
* \columnsep=10.0pt
* \skip\footins=9.0pt plus 4.0pt minus 2.0pt
* \hoffset=0.0pt
* \voffset=0.0pt
* \mag=1000
* \@twocolumnfalse
* \@twosidefalse
* \@mparswitchfalse
* \@reversemarginfalse
* (1in=72.27pt=25.4mm, 1cm=28.453pt)

LaTeX Info: Redefining \microtypecontext on input line 12.
Package microtype Info: Generating PDF output.
Package microtype Info: Character protrusion enabled (level 2).
Package microtype Info: Using default protrusion set `alltext'.
Package microtype Info: Automatic font expansion enabled (level 2),
(microtype)             stretch: 20, shrink: 20, step: 1, non-selected.
Package microtype Info: Using default expansion set `basictext'.
Package microtype Info: No adjustment of tracking.
Package microtype Info: No adjustment of interword spacing.
Package microtype Info: No adjustment of character kerning.
(/usr/share/texlive/texmf-dist/tex/latex/microtype/mt-ppl.cfg
File: mt-ppl.cfg 2005/11/16 v1.6 microtype config. file: Palatino (RS)
) (/usr/share/texlive/texmf-dist/tex/latex/upquote/upquote.sty
Package: upquote 2012/04/19 v1.3 upright-quote and grave-accent glyphs in verba
tim
)
\AtBeginShipoutBox=\box45
Package backref Info: ** backref set up for natbib ** on input line 12.
Package hyperref Info: Link coloring ON on input line 12.
(/usr/share/texlive/texmf-dist/tex/latex/hyperref/nameref.sty
Package: nameref 2016/05/21 v2.44 Cross-referencing by name of section
(/usr/share/texlive/texmf-dist/tex/generic/oberdiek/gettitlestring.sty
Package: gettitlestring 2016/05/16 v1.5 Cleanup title references (HO)
)
\c@section@level=\count155
)
LaTeX Info: Redefining \ref on input line 12.
LaTeX Info: Redefining \pageref on input line 12.
LaTeX Info: Redefining \nameref on input line 12.
(./RJwrapper.out) (./RJwrapper.out)
\@outlinefile=\write5
\openout5 = `RJwrapper.out'.

Package caption Info: Begin \AtBeginDocument code.
Package caption Info: End \AtBeginDocument code.
(./RoundTurnTradeMC.tex
LaTeX Font Info:    Font shape `T1/ppl/bx/n' in size <20.74> not available
(Font)              Font shape `T1/ppl/b/n' tried instead on input line 5.
LaTeX Font Info:    Font shape `T1/ppl/bx/n' in size <9> not available
(Font)              Font shape `T1/ppl/b/n' tried instead on input line 17.
LaTeX Font Info:    Font shape `T1/ppl/bx/n' in size <10> not available
(Font)              Font shape `T1/ppl/b/n' tried instead on input line 22.

Package hyperref Warning: Difference (2) between bookmark levels is greater 
(hyperref)                than one, level fixed on input line 22.


Package natbib Warning: Citation `burns2004' on page 1 undefined on input line 
25.


Package natbib Warning: Citation `burns2006' on page 1 undefined on input line 
27.


Package natbib Warning: Citation `tomasini2009' on page 1 undefined on input li
ne 35.


Package natbib Warning: Citation `Bailey2014probability' on page 1 undefined on
 input line 38.


Package natbib Warning: Citation `Harvey2013backtesting' on page 1 undefined on
 input line 41.


Package natbib Warning: Citation `Harvey2015crosssection' on page 1 undefined o
n input line 42.

LaTeX Font Info:    Try loading font information for TS1+ppl on input line 69.
(/usr/share/texlive/texmf-dist/tex/latex/psnfss/ts1ppl.fd
File: ts1ppl.fd 2001/06/04 font definitions for TS1/ppl.
) [1{/var/lib/texmf/fonts/map/pdftex/updmap/pdftex.map}

]
LaTeX Font Info:    Try loading font information for T1+zi4 on input line 117.
(/usr/share/texlive/texmf-dist/tex/latex/inconsolata/t1zi4.fd
File: t1zi4.fd 2018/01/14 T1/zi4 (Inconsolata)
)
LaTeX Font Info:    Font shape `T1/zi4/m/n' will be
(Font)              scaled to size 9.18004pt on input line 117.
Package microtype Info: Loading generic protrusion settings for font family
(microtype)             `zi4' (encoding: T1).
(microtype)             For optimal results, create family-specific settings.
(microtype)             See the microtype manual for details.
LaTeX Font Info:    Try loading font information for TS1+zi4 on input line 145.

(/usr/share/texlive/texmf-dist/tex/latex/inconsolata/ts1zi4.fd
File: ts1zi4.fd 2018/01/14 TS1/zi4 (Inconsolata)
)
LaTeX Font Info:    Font shape `TS1/zi4/m/n' will be
(Font)              scaled to size 9.18004pt on input line 145.
Package microtype Info: Loading generic protrusion settings for font family
(microtype)             `zi4' (encoding: TS1).
(microtype)             For optimal results, create family-specific settings.
(microtype)             See the microtype manual for details.
[2]
<RoundTurnTradeMC_files/figure-latex/longtrend_chart-1.pdf, id=77, 469.755pt x 
325.215pt>
File: RoundTurnTradeMC_files/figure-latex/longtrend_chart-1.pdf Graphic file (t
ype pdf)
<use RoundTurnTradeMC_files/figure-latex/longtrend_chart-1.pdf>
Package pdftex.def Info: RoundTurnTradeMC_files/figure-latex/longtrend_chart-1.
pdf  used on input line 235.
(pdftex.def)             Requested size: 469.75386pt x 325.2142pt.

Overfull \hbox (71.41528pt too wide) in paragraph at lines 235--235
 [] 
 []

<RoundTurnTradeMC_files/figure-latex/chart_Posn_bbands_txnsim_demo-1.pdf, id=78
, 469.755pt x 325.215pt>
File: RoundTurnTradeMC_files/figure-latex/chart_Posn_bbands_txnsim_demo-1.pdf G
raphic file (type pdf)
<use RoundTurnTradeMC_files/figure-latex/chart_Posn_bbands_txnsim_demo-1.pdf>
Package pdftex.def Info: RoundTurnTradeMC_files/figure-latex/chart_Posn_bbands_
txnsim_demo-1.pdf  used on input line 252.
(pdftex.def)             Requested size: 469.75386pt x 325.2142pt.

Overfull \hbox (71.41528pt too wide) in paragraph at lines 252--252
 [] 
 []

[3 <./RoundTurnTradeMC_files/figure-latex/longtrend_chart-1.pdf>] [4 <./RoundTu
rnTradeMC_files/figure-latex/chart_Posn_bbands_txnsim_demo-1.pdf>]
Overfull \hbox (0.90977pt too wide) in paragraph at lines 352--365
\T1/ppl/m/n/9 (-20) In the event a strategy uses the round turn trade definitio
n of ``increased.to.reduced'' or ``flat.to.reduced''
 []

[5]
LaTeX Font Info:    Font shape `T1/ppl/bx/n' in size <12> not available
(Font)              Font shape `T1/ppl/b/n' tried instead on input line 408.
LaTeX Font Info:    Font shape `T1/zi4/bx/n' in size <12> not available
(Font)              Font shape `T1/zi4/b/n' tried instead on input line 408.
LaTeX Font Info:    Font shape `T1/zi4/b/n' will be
(Font)              scaled to size 12.24005pt on input line 408.
LaTeX Font Info:    Font shape `TS1/zi4/bx/n' in size <12> not available
(Font)              Font shape `TS1/zi4/b/n' tried instead on input line 408.
LaTeX Font Info:    Font shape `TS1/zi4/b/n' will be
(Font)              scaled to size 12.24005pt on input line 408.

Overfull \hbox (477.62027pt too wide) in paragraph at lines 408--408
\T1/zi4/b/n/12 truncate new layer", fig.align=\TS1/zi4/b/n/12 '\T1/zi4/b/n/12 c
enter\TS1/zi4/b/n/12 '\T1/zi4/b/n/12 } # knitr::include_graphics("/home/jmackie
/blotter/sandbox/RoundTurnTradeMC/SimpleNewLayer_Truncated.png")
 []


Overfull \hbox (412.34416pt too wide) in paragraph at lines 426--426
\T1/zi4/b/n/12 prior layer", fig.align=\TS1/zi4/b/n/12 '\T1/zi4/b/n/12 center\T
S1/zi4/b/n/12 '\T1/zi4/b/n/12 } # knitr::include_graphics("/home/jmackie/blotte
r/sandbox/RoundTurnTradeMC/SimpleNewLayer_Split.png")
 []


Overfull \hbox (48.20264pt too wide) in paragraph at lines 456--456
|[]\T1/zi4/b/n/12 {r MultiplePriorLayerNewLayer_Truncate diagram, echo=FALSE, f
ig.cap="Fig.6.
 []


Overfull \hbox (626.53256pt too wide) in paragraph at lines 456--456
\T1/zi4/b/n/12 multiple prior layer w/ truncate", fig.align=\TS1/zi4/b/n/12 '\T
1/zi4/b/n/12 center\TS1/zi4/b/n/12 '\T1/zi4/b/n/12 } # knitr::include_graphics(
"/home/jmackie/blotter/sandbox/RoundTurnTradeMC/MultiplePriorLayerNewLayer_Trun
cate.png")
 []


Overfull \hbox (29.84256pt too wide) in paragraph at lines 466--466
|[]\T1/zi4/b/n/12 {r MultiplePriorLayerNewLayer_Split diagram, echo=FALSE, fig.
cap="Fig.7.
 []


Overfull \hbox (589.81241pt too wide) in paragraph at lines 466--466
\T1/zi4/b/n/12 multiple prior layer w/ split", fig.align=\TS1/zi4/b/n/12 '\T1/z
i4/b/n/12 center\TS1/zi4/b/n/12 '\T1/zi4/b/n/12 } # knitr::include_graphics("/h
ome/jmackie/blotter/sandbox/RoundTurnTradeMC/MultiplePriorLayerNewLayer_Split.p
ng")
 []

[6]
Overfull \hbox (530.65633pt too wide) in paragraph at lines 485--485
\T1/zi4/b/n/12 symsample() - functional flow", fig.align=\TS1/zi4/b/n/12 '\T1/z
i4/b/n/12 center\TS1/zi4/b/n/12 '\T1/zi4/b/n/12 } # knitr::include_graphics("/h
ome/jmackie/blotter/sandbox/RoundTurnTradeMC/symsample_flow_diagram.png")
 []

[7]
<RoundTurnTradeMC_files/figure-latex/longtrend_equity_curve-1.pdf, id=136, 469.
755pt x 325.215pt>
File: RoundTurnTradeMC_files/figure-latex/longtrend_equity_curve-1.pdf Graphic 
file (type pdf)
<use RoundTurnTradeMC_files/figure-latex/longtrend_equity_curve-1.pdf>
Package pdftex.def Info: RoundTurnTradeMC_files/figure-latex/longtrend_equity_c
urve-1.pdf  used on input line 564.
(pdftex.def)             Requested size: 469.75386pt x 325.2142pt.

Overfull \hbox (71.41528pt too wide) in paragraph at lines 564--564
 [] 
 []

<RoundTurnTradeMC_files/figure-latex/longtrend_chart_again-1.pdf, id=137, 469.7
55pt x 325.215pt>
File: RoundTurnTradeMC_files/figure-latex/longtrend_chart_again-1.pdf Graphic f
ile (type pdf)
<use RoundTurnTradeMC_files/figure-latex/longtrend_chart_again-1.pdf>
Package pdftex.def Info: RoundTurnTradeMC_files/figure-latex/longtrend_chart_ag
ain-1.pdf  used on input line 576.
(pdftex.def)             Requested size: 469.75386pt x 325.2142pt.

Overfull \hbox (71.41528pt too wide) in paragraph at lines 576--576
 [] 
 []

[8 <./RoundTurnTradeMC_files/figure-latex/longtrend_equity_curve-1.pdf>]
<RoundTurnTradeMC_files/figure-latex/longtrend_txnsim-1.pdf, id=149, 469.755pt 
x 325.215pt>
File: RoundTurnTradeMC_files/figure-latex/longtrend_txnsim-1.pdf Graphic file (
type pdf)
<use RoundTurnTradeMC_files/figure-latex/longtrend_txnsim-1.pdf>
Package pdftex.def Info: RoundTurnTradeMC_files/figure-latex/longtrend_txnsim-1
.pdf  used on input line 588.
(pdftex.def)             Requested size: 469.75386pt x 325.2142pt.

Overfull \hbox (71.41528pt too wide) in paragraph at lines 588--588
 [] 
 []

[9 <./RoundTurnTradeMC_files/figure-latex/longtrend_chart_again-1.pdf>]
<RoundTurnTradeMC_files/figure-latex/longtrend_txnsim-2.pdf, id=160, 469.755pt 
x 325.215pt>
File: RoundTurnTradeMC_files/figure-latex/longtrend_txnsim-2.pdf Graphic file (
type pdf)
<use RoundTurnTradeMC_files/figure-latex/longtrend_txnsim-2.pdf>
Package pdftex.def Info: RoundTurnTradeMC_files/figure-latex/longtrend_txnsim-2
.pdf  used on input line 592.
(pdftex.def)             Requested size: 469.75386pt x 325.2142pt.

Overfull \hbox (71.41528pt too wide) in paragraph at lines 592--592
 [] 
 []

[10 <./RoundTurnTradeMC_files/figure-latex/longtrend_txnsim-1.pdf> <./RoundTurn
TradeMC_files/figure-latex/longtrend_txnsim-2.pdf>]
<RoundTurnTradeMC_files/figure-latex/longtrend_txnsim_1st_replicate-1.pdf, id=1
78, 469.755pt x 325.215pt>
File: RoundTurnTradeMC_files/figure-latex/longtrend_txnsim_1st_replicate-1.pdf 
Graphic file (type pdf)
<use RoundTurnTradeMC_files/figure-latex/longtrend_txnsim_1st_replicate-1.pdf>
Package pdftex.def Info: RoundTurnTradeMC_files/figure-latex/longtrend_txnsim_1
st_replicate-1.pdf  used on input line 626.
(pdftex.def)             Requested size: 469.75386pt x 325.2142pt.

Overfull \hbox (71.41528pt too wide) in paragraph at lines 626--626
 [] 
 []

[11 <./RoundTurnTradeMC_files/figure-latex/longtrend_txnsim_1st_replicate-1.pdf
>]
<RoundTurnTradeMC_files/figure-latex/longtrend_txnsim_best_totalPL_replicate-1.
pdf, id=192, 469.755pt x 325.215pt>
File: RoundTurnTradeMC_files/figure-latex/longtrend_txnsim_best_totalPL_replica
te-1.pdf Graphic file (type pdf)
<use RoundTurnTradeMC_files/figure-latex/longtrend_txnsim_best_totalPL_replicat
e-1.pdf>
Package pdftex.def Info: RoundTurnTradeMC_files/figure-latex/longtrend_txnsim_b
est_totalPL_replicate-1.pdf  used on input line 716.
(pdftex.def)             Requested size: 469.75386pt x 325.2142pt.

Overfull \hbox (71.41528pt too wide) in paragraph at lines 716--716
 [] 
 []

[12]
<RoundTurnTradeMC_files/figure-latex/longtrend_txnsim_hist_sharpe-1.pdf, id=197
, 469.755pt x 325.215pt>
File: RoundTurnTradeMC_files/figure-latex/longtrend_txnsim_hist_sharpe-1.pdf Gr
aphic file (type pdf)
<use RoundTurnTradeMC_files/figure-latex/longtrend_txnsim_hist_sharpe-1.pdf>
Package pdftex.def Info: RoundTurnTradeMC_files/figure-latex/longtrend_txnsim_h
ist_sharpe-1.pdf  used on input line 739.
(pdftex.def)             Requested size: 469.75386pt x 325.2142pt.

Overfull \hbox (71.41528pt too wide) in paragraph at lines 739--739
 [] 
 []

[13 <./RoundTurnTradeMC_files/figure-latex/longtrend_txnsim_best_totalPL_replic
ate-1.pdf>]
<RoundTurnTradeMC_files/figure-latex/longtrend_txnsim_hist_maxDD-1.pdf, id=210,
 469.755pt x 325.215pt>
File: RoundTurnTradeMC_files/figure-latex/longtrend_txnsim_hist_maxDD-1.pdf Gra
phic file (type pdf)
<use RoundTurnTradeMC_files/figure-latex/longtrend_txnsim_hist_maxDD-1.pdf>
Package pdftex.def Info: RoundTurnTradeMC_files/figure-latex/longtrend_txnsim_h
ist_maxDD-1.pdf  used on input line 752.
(pdftex.def)             Requested size: 469.75386pt x 325.2142pt.

Overfull \hbox (71.41528pt too wide) in paragraph at lines 752--752
 [] 
 []

[14 <./RoundTurnTradeMC_files/figure-latex/longtrend_txnsim_hist_sharpe-1.pdf>]
<RoundTurnTradeMC_files/figure-latex/longtrend_mscim-1.pdf, id=221, 469.755pt x
 325.215pt>
File: RoundTurnTradeMC_files/figure-latex/longtrend_mscim-1.pdf Graphic file (t
ype pdf)
<use RoundTurnTradeMC_files/figure-latex/longtrend_mscim-1.pdf>
Package pdftex.def Info: RoundTurnTradeMC_files/figure-latex/longtrend_mscim-1.
pdf  used on input line 784.
(pdftex.def)             Requested size: 469.75386pt x 325.2142pt.

Overfull \hbox (71.41528pt too wide) in paragraph at lines 784--784
 [] 
 []

[15 <./RoundTurnTradeMC_files/figure-latex/longtrend_txnsim_hist_maxDD-1.pdf>]
<RoundTurnTradeMC_files/figure-latex/longtrend_mscim-2.pdf, id=233, 469.755pt x
 325.215pt>
File: RoundTurnTradeMC_files/figure-latex/longtrend_mscim-2.pdf Graphic file (t
ype pdf)
<use RoundTurnTradeMC_files/figure-latex/longtrend_mscim-2.pdf>
Package pdftex.def Info: RoundTurnTradeMC_files/figure-latex/longtrend_mscim-2.
pdf  used on input line 791.
(pdftex.def)             Requested size: 469.75386pt x 325.2142pt.

Overfull \hbox (71.41528pt too wide) in paragraph at lines 791--791
 [] 
 []

<RoundTurnTradeMC_files/figure-latex/longtrend_mscim-3.pdf, id=234, 469.755pt x
 325.215pt>
File: RoundTurnTradeMC_files/figure-latex/longtrend_mscim-3.pdf Graphic file (t
ype pdf)
<use RoundTurnTradeMC_files/figure-latex/longtrend_mscim-3.pdf>
Package pdftex.def Info: RoundTurnTradeMC_files/figure-latex/longtrend_mscim-3.
pdf  used on input line 798.
(pdftex.def)             Requested size: 469.75386pt x 325.2142pt.

Overfull \hbox (71.41528pt too wide) in paragraph at lines 798--798
 [] 
 []

[16 <./RoundTurnTradeMC_files/figure-latex/longtrend_mscim-1.pdf> <./RoundTurnT
radeMC_files/figure-latex/longtrend_mscim-2.pdf>] [17 <./RoundTurnTradeMC_files
/figure-latex/longtrend_mscim-3.pdf>]
<RoundTurnTradeMC_files/figure-latex/bbands_chart_and_equity_curve-1.pdf, id=26
3, 469.755pt x 325.215pt>
File: RoundTurnTradeMC_files/figure-latex/bbands_chart_and_equity_curve-1.pdf G
raphic file (type pdf)
<use RoundTurnTradeMC_files/figure-latex/bbands_chart_and_equity_curve-1.pdf>
Package pdftex.def Info: RoundTurnTradeMC_files/figure-latex/bbands_chart_and_e
quity_curve-1.pdf  used on input line 865.
(pdftex.def)             Requested size: 469.75386pt x 325.2142pt.

Overfull \hbox (71.41528pt too wide) in paragraph at lines 865--865
 [] 
 []

<RoundTurnTradeMC_files/figure-latex/bbands_txnsim_plot-1.pdf, id=264, 469.755p
t x 325.215pt>
File: RoundTurnTradeMC_files/figure-latex/bbands_txnsim_plot-1.pdf Graphic file
 (type pdf)
<use RoundTurnTradeMC_files/figure-latex/bbands_txnsim_plot-1.pdf>
Package pdftex.def Info: RoundTurnTradeMC_files/figure-latex/bbands_txnsim_plot
-1.pdf  used on input line 885.
(pdftex.def)             Requested size: 469.75386pt x 325.2142pt.

Overfull \hbox (71.41528pt too wide) in paragraph at lines 885--885
 [] 
 []

[18 <./RoundTurnTradeMC_files/figure-latex/bbands_chart_and_equity_curve-1.pdf>
]
<RoundTurnTradeMC_files/figure-latex/bbands_txnsim_best_totalPL_replicate-1.pdf
, id=276, 469.755pt x 325.215pt>
File: RoundTurnTradeMC_files/figure-latex/bbands_txnsim_best_totalPL_replicate-
1.pdf Graphic file (type pdf)
<use RoundTurnTradeMC_files/figure-latex/bbands_txnsim_best_totalPL_replicate-1
.pdf>
Package pdftex.def Info: RoundTurnTradeMC_files/figure-latex/bbands_txnsim_best
_totalPL_replicate-1.pdf  used on input line 910.
(pdftex.def)             Requested size: 469.75386pt x 325.2142pt.

Overfull \hbox (71.41528pt too wide) in paragraph at lines 910--910
 [] 
 []

[19 <./RoundTurnTradeMC_files/figure-latex/bbands_txnsim_plot-1.pdf>]
<RoundTurnTradeMC_files/figure-latex/bbands_txnsim_PositionFill-1.pdf, id=289, 
469.755pt x 325.215pt>
File: RoundTurnTradeMC_files/figure-latex/bbands_txnsim_PositionFill-1.pdf Grap
hic file (type pdf)
<use RoundTurnTradeMC_files/figure-latex/bbands_txnsim_PositionFill-1.pdf>
Package pdftex.def Info: RoundTurnTradeMC_files/figure-latex/bbands_txnsim_Posi
tionFill-1.pdf  used on input line 919.
(pdftex.def)             Requested size: 469.75386pt x 325.2142pt.

Overfull \hbox (71.41528pt too wide) in paragraph at lines 919--919
 [] 
 []

[20 <./RoundTurnTradeMC_files/figure-latex/bbands_txnsim_best_totalPL_replicate
-1.pdf> <./RoundTurnTradeMC_files/figure-latex/bbands_txnsim_PositionFill-1.pdf
>]
<RoundTurnTradeMC_files/figure-latex/histogram_long_period_durations_longtrend_
txnsim_flattoflat_with_replacement-1.pdf, id=307, 469.755pt x 325.215pt>
File: RoundTurnTradeMC_files/figure-latex/histogram_long_period_durations_longt
rend_txnsim_flattoflat_with_replacement-1.pdf Graphic file (type pdf)
<use RoundTurnTradeMC_files/figure-latex/histogram_long_period_durations_longtr
end_txnsim_flattoflat_with_replacement-1.pdf>
Package pdftex.def Info: RoundTurnTradeMC_files/figure-latex/histogram_long_per
iod_durations_longtrend_txnsim_flattoflat_with_replacement-1.pdf  used on input
 line 1018.
(pdftex.def)             Requested size: 469.75386pt x 325.2142pt.

Overfull \hbox (86.41528pt too wide) in paragraph at lines 1018--1019
[][]
 []


Underfull \hbox (badness 10000) in paragraph at lines 1018--1019

 []

[21]
<RoundTurnTradeMC_files/figure-latex/histogram_flat_period_durations_longtrend_
txnsim_flattoflat_with_replacement-1.pdf, id=314, 469.755pt x 325.215pt>
File: RoundTurnTradeMC_files/figure-latex/histogram_flat_period_durations_longt
rend_txnsim_flattoflat_with_replacement-1.pdf Graphic file (type pdf)
<use RoundTurnTradeMC_files/figure-latex/histogram_flat_period_durations_longtr
end_txnsim_flattoflat_with_replacement-1.pdf>
Package pdftex.def Info: RoundTurnTradeMC_files/figure-latex/histogram_flat_per
iod_durations_longtrend_txnsim_flattoflat_with_replacement-1.pdf  used on input
 line 1025.
(pdftex.def)             Requested size: 469.75386pt x 325.2142pt.

Overfull \hbox (86.41528pt too wide) in paragraph at lines 1025--1026
[][]
 []


Underfull \hbox (badness 10000) in paragraph at lines 1025--1026

 []

[22 <./RoundTurnTradeMC_files/figure-latex/histogram_long_period_durations_long
trend_txnsim_flattoflat_with_replacement-1.pdf> <./RoundTurnTradeMC_files/figur
e-latex/histogram_flat_period_durations_longtrend_txnsim_flattoflat_with_replac
ement-1.pdf>]
Overfull \hbox (9.73422pt too wide) in paragraph at lines 1056--1071
[]\T1/ppl/m/n/9 (-20) The pro-ce-dure for build-ing the first layer in a repli-
cate strat-egy us-ing trad-eDef=``increased.to.reduced''
 []


Overfull \hbox (1.15877pt too wide) in paragraph at lines 1056--1071
\T1/ppl/m/n/9 (-20) is slightly dif-fer-ent to the pro-ce-dure for build-ing re
pli-cates when trad-eDef=``flat.to.flat''. For ``flat.to.flat''
 []

<RoundTurnTradeMC_files/figure-latex/histogram_long_period_durations_bbands_txn
sim_with_replacement-1.pdf, id=332, 469.755pt x 325.215pt>
File: RoundTurnTradeMC_files/figure-latex/histogram_long_period_durations_bband
s_txnsim_with_replacement-1.pdf Graphic file (type pdf)
<use RoundTurnTradeMC_files/figure-latex/histogram_long_period_durations_bbands
_txnsim_with_replacement-1.pdf>
Package pdftex.def Info: RoundTurnTradeMC_files/figure-latex/histogram_long_per
iod_durations_bbands_txnsim_with_replacement-1.pdf  used on input line 1114.
(pdftex.def)             Requested size: 469.75386pt x 325.2142pt.

Overfull \hbox (86.41528pt too wide) in paragraph at lines 1114--1115
[][]
 []


Underfull \hbox (badness 10000) in paragraph at lines 1114--1115

 []

[23]
<RoundTurnTradeMC_files/figure-latex/histogram_short_period_durations_bbands_tx
nsim_with_replacement-1.pdf, id=337, 469.755pt x 325.215pt>
File: RoundTurnTradeMC_files/figure-latex/histogram_short_period_durations_bban
ds_txnsim_with_replacement-1.pdf Graphic file (type pdf)
<use RoundTurnTradeMC_files/figure-latex/histogram_short_period_durations_bband
s_txnsim_with_replacement-1.pdf>
Package pdftex.def Info: RoundTurnTradeMC_files/figure-latex/histogram_short_pe
riod_durations_bbands_txnsim_with_replacement-1.pdf  used on input line 1118.
(pdftex.def)             Requested size: 469.75386pt x 325.2142pt.

Overfull \hbox (86.41528pt too wide) in paragraph at lines 1118--1119
[][]
 []


Underfull \hbox (badness 10000) in paragraph at lines 1118--1119

 []

[24 <./RoundTurnTradeMC_files/figure-latex/histogram_long_period_durations_bban
ds_txnsim_with_replacement-1.pdf> <./RoundTurnTradeMC_files/figure-latex/histog
ram_short_period_durations_bbands_txnsim_with_replacement-1.pdf>]
LaTeX Font Info:    Try loading font information for OT1+ppl on input line 1191
.
(/usr/share/texlive/texmf-dist/tex/latex/psnfss/ot1ppl.fd
File: ot1ppl.fd 2001/06/04 font definitions for OT1/ppl.
)
LaTeX Font Info:    Try loading font information for OML+zplm on input line 119
1.
(/usr/share/texlive/texmf-dist/tex/latex/psnfss/omlzplm.fd
File: omlzplm.fd 2002/09/08 Fontinst v1.914 font definitions for OML/zplm.
)
LaTeX Font Info:    Try loading font information for OMS+zplm on input line 119
1.
(/usr/share/texlive/texmf-dist/tex/latex/psnfss/omszplm.fd
File: omszplm.fd 2002/09/08 Fontinst v1.914 font definitions for OMS/zplm.
)
LaTeX Font Info:    Try loading font information for OMX+zplm on input line 119
1.
(/usr/share/texlive/texmf-dist/tex/latex/psnfss/omxzplm.fd
File: omxzplm.fd 2002/09/08 Fontinst v1.914 font definitions for OMX/zplm.
)
LaTeX Font Info:    Try loading font information for OT1+zplm on input line 119
1.
(/usr/share/texlive/texmf-dist/tex/latex/psnfss/ot1zplm.fd
File: ot1zplm.fd 2002/09/08 Fontinst v1.914 font definitions for OT1/zplm.
)
Package microtype Info: Loading generic protrusion settings for font family
(microtype)             `zplm' (encoding: OT1).
(microtype)             For optimal results, create family-specific settings.
(microtype)             See the microtype manual for details.
LaTeX Font Info:    Font shape `U/msa/m/n' will be
(Font)              scaled to size 9.37807pt on input line 1191.
(/usr/share/texlive/texmf-dist/tex/latex/microtype/mt-msa.cfg
File: mt-msa.cfg 2006/02/04 v1.1 microtype config. file: AMS symbols (a) (RS)
)
LaTeX Font Info:    Font shape `U/msa/m/n' will be
(Font)              scaled to size 7.29405pt on input line 1191.
LaTeX Font Info:    Font shape `U/msa/m/n' will be
(Font)              scaled to size 5.21004pt on input line 1191.
LaTeX Font Info:    Font shape `U/msb/m/n' will be
(Font)              scaled to size 9.37807pt on input line 1191.
(/usr/share/texlive/texmf-dist/tex/latex/microtype/mt-msb.cfg
File: mt-msb.cfg 2005/06/01 v1.0 microtype config. file: AMS symbols (b) (RS)
)
LaTeX Font Info:    Font shape `U/msb/m/n' will be
(Font)              scaled to size 7.29405pt on input line 1191.
LaTeX Font Info:    Font shape `U/msb/m/n' will be
(Font)              scaled to size 5.21004pt on input line 1191.
[25])

Package natbib Warning: There were undefined citations.

[26]
Package atveryend Info: Empty hook `BeforeClearDocument' on input line 25.
Package atveryend Info: Empty hook `AfterLastShipout' on input line 25.
(./RJwrapper.aux)
Package atveryend Info: Executing hook `AtVeryEndDocument' on input line 25.
Package atveryend Info: Executing hook `AtEndAfterFileList' on input line 25.
Package rerunfilecheck Info: File `RJwrapper.out' has not changed.
(rerunfilecheck)             Checksum: 0AD5CEFBB430F8A97681C1EABC21D4B4;1994.
Package atveryend Info: Empty hook `AtVeryVeryEnd' on input line 25.
 ) 
Here is how much of TeX's memory you used:
 22349 strings out of 494477
 407736 string characters out of 6175715
 504078 words of memory out of 5000000
 25304 multiletter control sequences out of 15000+600000
 38306 words of font info for 183 fonts, out of 8000000 for 9000
 59 hyphenation exceptions out of 8191
 62i,11n,94p,1101b,694s stack positions out of 5000i,500n,10000p,200000b,80000s
{/usr/share/texlive/texmf-dist/fonts/enc/dvips/inconsolata/i4-ts1.enc}{/usr/s
hare/texlive/texmf-dist/fonts/enc/dvips/inconsolata/i4-t1-0.enc}{/usr/share/tex
live/texmf-dist/fonts/enc/dvips/base/8r.enc}</usr/share/texlive/texmf-dist/font
s/type1/public/inconsolata/Inconsolata-zi4b.pfb></usr/share/texlive/texmf-dist/
fonts/type1/public/inconsolata/Inconsolata-zi4r.pfb></usr/share/texlive/texmf-d
ist/fonts/type1/urw/palatino/uplb8a.pfb></usr/share/texlive/texmf-dist/fonts/ty
pe1/urw/palatino/uplr8a.pfb></usr/share/texlive/texmf-dist/fonts/type1/urw/pala
tino/uplri8a.pfb>
Output written on RJwrapper.pdf (26 pages, 2044954 bytes).
PDF statistics:
 420 PDF objects out of 1000 (max. 8388607)
 341 compressed objects within 4 object streams
 78 named destinations out of 1000 (max. 500000)
 32470 words of extra memory for PDF output out of 35830 (max. 10000000)

